<?xml version="1.0" encoding="UTF-8"?>
<!-- Generated by org.testng.reporters.JUnitReportReporter -->
<testsuite skipped="0" hostname="LAPTOP-PATGFM90" name="com.testcases.Assignment1_1" tests="2" failures="0" timestamp="25 Dec 2020 13:34:07 GMT" time="24.426" errors="0">
  <testcase name="TC_01" time="20.787" classname="com.testcases.Assignment1_1"/>
  <testcase name="TC_02" time="3.639" classname="com.testcases.Assignment1_1"/>
</testsuite> <!-- com.testcases.Assignment1_1 -->
